<?xml version="1.0" encoding="UTF-8"?>
<!-- Generated by org.testng.reporters.JUnitReportReporter -->
<testsuite hostname="FULL065-PRT.local" failures="0" tests="1" name="io.testscripts.fc2.o.FileLookupTestScripts" time="197.393" errors="0" timestamp="2021-08-07T10:35:48 IST" skipped="0">
  <testcase classname="io.testscripts.fc2.o.FileLookupTestScripts" name="verifyFormVersionsPage" time="197.393"/>
  <system-out/>
</testsuite> <!-- io.testscripts.fc2.o.FileLookupTestScripts -->
