<?xml version="1.0" encoding="UTF-8"?>
<!-- Generated by org.testng.reporters.JUnitReportReporter -->
<testsuite hostname="FULL065-PRT.local" failures="0" tests="1" name="io.testscripts.fc2.o.CallTransferTestScripts" time="210.885" errors="0" timestamp="2021-09-20T14:45:34 IST" skipped="0">
  <testcase classname="io.testscripts.fc2.o.CallTransferTestScripts" name="verifyCallTransferField" time="210.885"/>
  <system-out/>
</testsuite> <!-- io.testscripts.fc2.o.CallTransferTestScripts -->
