<?xml version="1.0" encoding="UTF-8"?>
<!-- Generated by org.testng.reporters.JUnitReportReporter -->
<testsuite hostname="FULL065-PRT.local" failures="0" tests="1" name="io.testscripts.fc2.o.ClearCacheTestScripts" time="66.869" errors="0" timestamp="2021-09-20T14:45:34 IST" skipped="0">
  <testcase classname="io.testscripts.fc2.o.ClearCacheTestScripts" name="verifyClearCache" time="66.869"/>
  <system-out/>
</testsuite> <!-- io.testscripts.fc2.o.ClearCacheTestScripts -->
