<?xml version="1.0" encoding="UTF-8"?>
<!-- Generated by org.testng.reporters.JUnitReportReporter -->
<testsuite hostname="FULL065-PRT.local" failures="0" tests="4" name="io.testscripts.fc2.o.GoogleSignInTestScripts" time="191.205" errors="0" timestamp="2021-09-20T14:45:35 IST" skipped="0">
  <testcase classname="io.testscripts.fc2.o.GoogleSignInTestScripts" name="verifyGoogleSignIn" time="45.435"/>
  <system-out/>
  <testcase classname="io.testscripts.fc2.o.GoogleSignInTestScripts" name="verifyGoogleSignIn" time="54.228"/>
  <system-out/>
  <testcase classname="io.testscripts.fc2.o.GoogleSignInTestScripts" name="verifyGoogleSignIn" time="42.426"/>
  <system-out/>
  <testcase classname="io.testscripts.fc2.o.GoogleSignInTestScripts" name="verifyGoogleSignIn" time="49.116"/>
  <system-out/>
</testsuite> <!-- io.testscripts.fc2.o.GoogleSignInTestScripts -->
