<?xml version="1.0" encoding="UTF-8"?>
<!-- Generated by org.testng.reporters.JUnitReportReporter -->
<testsuite hostname="FULL065-PRT.local" failures="0" tests="1" name="io.testscripts.fc2.o.AddingAndDeletingUserTemplatesTestScripts" time="95.505" errors="0" timestamp="2021-09-20T14:45:35 IST" skipped="0">
  <testcase classname="io.testscripts.fc2.o.AddingAndDeletingUserTemplatesTestScripts" name="verifyAddedAndDeletedUserTemplates" time="95.505"/>
  <system-out/>
</testsuite> <!-- io.testscripts.fc2.o.AddingAndDeletingUserTemplatesTestScripts -->
