<?xml version="1.0" encoding="UTF-8"?>
<!-- Generated by org.testng.reporters.JUnitReportReporter -->
<testsuite hostname="FULL065-PRT.local" failures="0" tests="1" name="io.testscripts.fc2.o.StaffTestScripts" time="456.333" errors="0" timestamp="2021-09-20T14:45:34 IST" skipped="0">
  <testcase classname="io.testscripts.fc2.o.StaffTestScripts" name="verifyStaff" time="456.333"/>
  <system-out/>
</testsuite> <!-- io.testscripts.fc2.o.StaffTestScripts -->
